<?xml version="1.0" encoding="UTF-8"?>
<!-- Generated by org.testng.reporters.JUnitReportReporter -->
<testsuite hostname="DESKTOP-OP234B8" failures="0" tests="2" name="runner.Runner" time="32.273" errors="0" timestamp="2024-04-12T19:53:37 EDT" skipped="0">
  <testcase classname="runner.Runner" name="runScenario" time="20.239"/>
  <system-out/>
  <testcase classname="runner.Runner" name="runScenario" time="12.034"/>
  <system-out/>
</testsuite> <!-- runner.Runner -->
