<?xml version="1.0" encoding="UTF-8"?>
<!-- Generated by org.testng.reporters.JUnitReportReporter -->
<testsuite hostname="DESKTOP-OP234B8" failures="0" tests="3" name="week5.day1.TestngAttribute" time="44.604" errors="0" timestamp="2024-04-10T18:35:04 EDT" skipped="1">
  <testcase classname="week5.day1.TestngAttribute" name="runEditLead" time="23.609"/>
  <system-out/>
  <testcase classname="week5.day1.TestngAttribute" name="runCreateLead" time="20.995"/>
  <system-out/>
  <testcase classname="week5.day1.TestngAttribute" name="runDeleteLead">
    <skipped/>
  </testcase> <!-- runDeleteLead -->
  <system-out/>
</testsuite> <!-- week5.day1.TestngAttribute -->
